# JRE version: Java(TM) SE Runtime Environment (8.0_102-b14) (build 1.8.0_102-b14)
# Java VM: Java HotSpot(TM) 64-Bit Server VM (25.102-b14 mixed mode windows-amd64 compressed oops)
Heap:
 PSYoungGen      total 155648K, used 116736K [0x00000000eab00000, 0x00000000ffc00000, 0x0000000100000000)
  eden space 116736K, 100% used [0x00000000eab00000,0x00000000f1d00000,0x00000000f1d00000)
  from space 38912K, 0% used [0x00000000f1d00000,0x00000000f1d00000,0x00000000f4300000)
  to   space 114176K, 0% used [0x00000000f8c80000,0x00000000f8c80000,0x00000000ffc00000)
 ParOldGen       total 699392K, used 699005K [0x00000000c0000000, 0x00000000eab00000, 0x00000000eab00000)
  object space 699392K, 99% used [0x00000000c0000000,0x00000000eaa9f798,0x00000000eab00000)
 Metaspace       used 6604K, capacity 7384K, committed 7680K, reserved 1056768K
  class space    used 621K, capacity 656K, committed 768K, reserved 1048576K
GC Heap History (10 events):
Event: 34.888 GC heap after
Heap after GC invocations=42 (full 4):
 PSYoungGen      total 232960K, used 53028K [0x00000000eab00000, 0x0000000100000000, 0x0000000100000000)
  eden space 116736K, 0% used [0x00000000eab00000,0x00000000eab00000,0x00000000f1d00000)
  from space 116224K, 45% used [0x00000000f8e80000,0x00000000fc2492c8,0x0000000100000000)
  to   space 116224K, 0% used [0x00000000f1d00000,0x00000000f1d00000,0x00000000f8e80000)
 ParOldGen       total 699392K, used 635621K [0x00000000c0000000, 0x00000000eab00000, 0x00000000eab00000)
  object space 699392K, 90% used [0x00000000c0000000,0x00000000e6cb9450,0x00000000eab00000)
 Metaspace       used 6511K, capacity 7288K, committed 7552K, reserved 1056768K
  class space    used 614K, capacity 624K, committed 640K, reserved 1048576K
}
Event: 35.428 GC heap before
{Heap before GC invocations=43 (full 4):
 PSYoungGen      total 232960K, used 169764K [0x00000000eab00000, 0x0000000100000000, 0x0000000100000000)
  eden space 116736K, 100% used [0x00000000eab00000,0x00000000f1d00000,0x00000000f1d00000)
  from space 116224K, 45% used [0x00000000f8e80000,0x00000000fc2492c8,0x0000000100000000)
  to   space 116224K, 0% used [0x00000000f1d00000,0x00000000f1d00000,0x00000000f8e80000)
 ParOldGen       total 699392K, used 635621K [0x00000000c0000000, 0x00000000eab00000, 0x00000000eab00000)
  object space 699392K, 90% used [0x00000000c0000000,0x00000000e6cb9450,0x00000000eab00000)
 Metaspace       used 6511K, capacity 7288K, committed 7552K, reserved 1056768K
  class space    used 614K, capacity 624K, committed 640K, reserved 1048576K
Event: 35.544 GC heap after
Heap after GC invocations=43 (full 4):
 PSYoungGen      total 155648K, used 38814K [0x00000000eab00000, 0x00000000ffc00000, 0x0000000100000000)
  eden space 116736K, 0% used [0x00000000eab00000,0x00000000eab00000,0x00000000f1d00000)
  from space 38912K, 99% used [0x00000000f1d00000,0x00000000f42e7948,0x00000000f4300000)
  to   space 114176K, 0% used [0x00000000f8c80000,0x00000000f8c80000,0x00000000ffc00000)
 ParOldGen       total 699392K, used 671908K [0x00000000c0000000, 0x00000000eab00000, 0x00000000eab00000)
  object space 699392K, 96% used [0x00000000c0000000,0x00000000e9029388,0x00000000eab00000)
 Metaspace       used 6511K, capacity 7288K, committed 7552K, reserved 1056768K
  class space    used 614K, capacity 624K, committed 640K, reserved 1048576K
}
Event: 35.544 GC heap before
{Heap before GC invocations=44 (full 5):
 PSYoungGen      total 155648K, used 38814K [0x00000000eab00000, 0x00000000ffc00000, 0x0000000100000000)
  eden space 116736K, 0% used [0x00000000eab00000,0x00000000eab00000,0x00000000f1d00000)
  from space 38912K, 99% used [0x00000000f1d00000,0x00000000f42e7948,0x00000000f4300000)
  to   space 114176K, 0% used [0x00000000f8c80000,0x00000000f8c80000,0x00000000ffc00000)
 ParOldGen       total 699392K, used 671908K [0x00000000c0000000, 0x00000000eab00000, 0x00000000eab00000)
  object space 699392K, 96% used [0x00000000c0000000,0x00000000e9029388,0x00000000eab00000)
 Metaspace       used 6511K, capacity 7288K, committed 7552K, reserved 1056768K
  class space    used 614K, capacity 624K, committed 640K, reserved 1048576K
Event: 40.057 GC heap after
Heap after GC invocations=44 (full 5):
 PSYoungGen      total 155648K, used 6927K [0x00000000eab00000, 0x00000000ffc00000, 0x0000000100000000)
  eden space 116736K, 0% used [0x00000000eab00000,0x00000000eab00000,0x00000000f1d00000)
  from space 38912K, 17% used [0x00000000f1d00000,0x00000000f23c3ff0,0x00000000f4300000)
  to   space 114176K, 0% used [0x00000000f8c80000,0x00000000f8c80000,0x00000000ffc00000)
 ParOldGen       total 699392K, used 698918K [0x00000000c0000000, 0x00000000eab00000, 0x00000000eab00000)
  object space 699392K, 99% used [0x00000000c0000000,0x00000000eaa89a88,0x00000000eab00000)
 Metaspace       used 6511K, capacity 7288K, committed 7552K, reserved 1056768K
  class space    used 614K, capacity 624K, committed 640K, reserved 1048576K
}
Event: 44.407 GC heap before
{Heap before GC invocations=45 (full 6):
 PSYoungGen      total 155648K, used 123663K [0x00000000eab00000, 0x00000000ffc00000, 0x0000000100000000)
  eden space 116736K, 100% used [0x00000000eab00000,0x00000000f1d00000,0x00000000f1d00000)
  from space 38912K, 17% used [0x00000000f1d00000,0x00000000f23c3ff0,0x00000000f4300000)
  to   space 114176K, 0% used [0x00000000f8c80000,0x00000000f8c80000,0x00000000ffc00000)
 ParOldGen       total 699392K, used 698918K [0x00000000c0000000, 0x00000000eab00000, 0x00000000eab00000)
  object space 699392K, 99% used [0x00000000c0000000,0x00000000eaa89a88,0x00000000eab00000)
 Metaspace       used 6521K, capacity 7288K, committed 7552K, reserved 1056768K
  class space    used 615K, capacity 624K, committed 640K, reserved 1048576K
Event: 48.991 GC heap after
Heap after GC invocations=45 (full 6):
 PSYoungGen      total 155648K, used 8712K [0x00000000eab00000, 0x00000000ffc00000, 0x0000000100000000)
  eden space 116736K, 7% used [0x00000000eab00000,0x00000000eb3822d0,0x00000000f1d00000)
  from space 38912K, 0% used [0x00000000f1d00000,0x00000000f1d00000,0x00000000f4300000)
  to   space 114176K, 0% used [0x00000000f8c80000,0x00000000f8c80000,0x00000000ffc00000)
 ParOldGen       total 699392K, used 699301K [0x00000000c0000000, 0x00000000eab00000, 0x00000000eab00000)
  object space 699392K, 99% used [0x00000000c0000000,0x00000000eaae9660,0x00000000eab00000)
 Metaspace       used 6521K, capacity 7288K, committed 7552K, reserved 1056768K
  class space    used 615K, capacity 624K, committed 640K, reserved 1048576K
}
Event: 49.371 GC heap before
{Heap before GC invocations=46 (full 7):
 PSYoungGen      total 155648K, used 116736K [0x00000000eab00000, 0x00000000ffc00000, 0x0000000100000000)
  eden space 116736K, 100% used [0x00000000eab00000,0x00000000f1d00000,0x00000000f1d00000)
  from space 38912K, 0% used [0x00000000f1d00000,0x00000000f1d00000,0x00000000f4300000)
  to   space 114176K, 0% used [0x00000000f8c80000,0x00000000f8c80000,0x00000000ffc00000)
 ParOldGen       total 699392K, used 699301K [0x00000000c0000000, 0x00000000eab00000, 0x00000000eab00000)
  object space 699392K, 99% used [0x00000000c0000000,0x00000000eaae9660,0x00000000eab00000)
 Metaspace       used 6521K, capacity 7288K, committed 7552K, reserved 1056768K
  class space    used 615K, capacity 624K, committed 640K, reserved 1048576K
Event: 52.727 GC heap after
Heap after GC invocations=46 (full 7):
 PSYoungGen      total 155648K, used 24914K [0x00000000eab00000, 0x00000000ffc00000, 0x0000000100000000)
  eden space 116736K, 21% used [0x00000000eab00000,0x00000000ec3549d0,0x00000000f1d00000)
  from space 38912K, 0% used [0x00000000f1d00000,0x00000000f1d00000,0x00000000f4300000)
  to   space 114176K, 0% used [0x00000000f8c80000,0x00000000f8c80000,0x00000000ffc00000)
 ParOldGen       total 699392K, used 699005K [0x00000000c0000000, 0x00000000eab00000, 0x00000000eab00000)
  object space 699392K, 99% used [0x00000000c0000000,0x00000000eaa9f798,0x00000000eab00000)
 Metaspace       used 6521K, capacity 7288K, committed 7552K, reserved 1056768K
  class space    used 615K, capacity 624K, committed 640K, reserved 1048576K
}
Event: 53.185 GC heap before
{Heap before GC invocations=47 (full 8):
 PSYoungGen      total 155648K, used 116736K [0x00000000eab00000, 0x00000000ffc00000, 0x0000000100000000)
  eden space 116736K, 100% used [0x00000000eab00000,0x00000000f1d00000,0x00000000f1d00000)
  from space 38912K, 0% used [0x00000000f1d00000,0x00000000f1d00000,0x00000000f4300000)
  to   space 114176K, 0% used [0x00000000f8c80000,0x00000000f8c80000,0x00000000ffc00000)
 ParOldGen       total 699392K, used 699005K [0x00000000c0000000, 0x00000000eab00000, 0x00000000eab00000)
  object space 699392K, 99% used [0x00000000c0000000,0x00000000eaa9f798,0x00000000eab00000)
 Metaspace       used 6604K, capacity 7384K, committed 7680K, reserved 1056768K
  class space    used 621K, capacity 656K, committed 768K, reserved 1048576K

